<?xml version="1.0" encoding="UTF-8"?>
<robot generator="Robot 4.1.3 (Python 3.10.0 on win32)" generated="20211218 12:27:06.711" rpa="false" schemaversion="2">
<suite id="s1" name="Fordemo" source="C:\Users\udayk\PycharmProjects\TestProject\TestCases\fordemo.robot">
<test id="s1-t1" name="Getlinks">
<kw name="Open Browser" library="SeleniumLibrary">
<arg>${url}</arg>
<arg>${browser}</arg>
<doc>Opens a new browser instance to the optional ``url``.</doc>
<msg timestamp="20211218 12:27:06.875" level="INFO">Opening browser 'chrome' to base url 'https://demo.nopcommerce.com/'.</msg>
<status status="PASS" starttime="20211218 12:27:06.875" endtime="20211218 12:27:10.528"/>
</kw>
<kw name="Get Element Count" library="SeleniumLibrary">
<var>${alllinks}</var>
<arg>xpath://a</arg>
<doc>Returns the number of elements matching ``locator``.</doc>
<msg timestamp="20211218 12:27:10.557" level="INFO">${alllinks} = 90</msg>
<status status="PASS" starttime="20211218 12:27:10.528" endtime="20211218 12:27:10.558"/>
</kw>
<kw name="Log To Console" library="BuiltIn">
<arg>${alllinks}</arg>
<doc>Logs the given message to the console.</doc>
<status status="PASS" starttime="20211218 12:27:10.558" endtime="20211218 12:27:10.560"/>
</kw>
<kw name="Create List" library="BuiltIn">
<var>@{linkitems}</var>
<doc>Returns a list containing given items.</doc>
<msg timestamp="20211218 12:27:10.561" level="INFO">@{linkitems} = [ ]</msg>
<status status="PASS" starttime="20211218 12:27:10.561" endtime="20211218 12:27:10.561"/>
</kw>
<for flavor="IN RANGE">
<var>${i}</var>
<value>1</value>
<value>3</value>
<iter>
<var name="${i}">1</var>
<kw name="Get Text" library="SeleniumLibrary">
<var>${linktext}</var>
<arg>xpath://a[${i}]</arg>
<doc>Returns the text value of the element identified by ``locator``.</doc>
<msg timestamp="20211218 12:27:10.613" level="INFO">${linktext} = Register</msg>
<status status="PASS" starttime="20211218 12:27:10.562" endtime="20211218 12:27:10.613"/>
</kw>
<kw name="Log To Console" library="BuiltIn">
<arg>${linktext}</arg>
<doc>Logs the given message to the console.</doc>
<status status="PASS" starttime="20211218 12:27:10.613" endtime="20211218 12:27:10.614"/>
</kw>
<status status="PASS" starttime="20211218 12:27:10.562" endtime="20211218 12:27:10.614"/>
</iter>
<iter>
<var name="${i}">2</var>
<kw name="Get Text" library="SeleniumLibrary">
<var>${linktext}</var>
<arg>xpath://a[${i}]</arg>
<doc>Returns the text value of the element identified by ``locator``.</doc>
<msg timestamp="20211218 12:27:10.656" level="INFO">${linktext} = </msg>
<status status="PASS" starttime="20211218 12:27:10.614" endtime="20211218 12:27:10.656"/>
</kw>
<kw name="Log To Console" library="BuiltIn">
<arg>${linktext}</arg>
<doc>Logs the given message to the console.</doc>
<status status="PASS" starttime="20211218 12:27:10.656" endtime="20211218 12:27:10.657"/>
</kw>
<status status="PASS" starttime="20211218 12:27:10.614" endtime="20211218 12:27:10.657"/>
</iter>
<status status="PASS" starttime="20211218 12:27:10.562" endtime="20211218 12:27:10.657"/>
</for>
<kw name="Close Browser" library="SeleniumLibrary">
<doc>Closes the current browser.</doc>
<status status="PASS" starttime="20211218 12:27:10.658" endtime="20211218 12:27:12.788"/>
</kw>
<status status="PASS" starttime="20211218 12:27:06.874" endtime="20211218 12:27:12.789"/>
</test>
<status status="PASS" starttime="20211218 12:27:06.712" endtime="20211218 12:27:12.790"/>
</suite>
<statistics>
<total>
<stat pass="1" fail="0" skip="0">All Tests</stat>
</total>
<tag>
</tag>
<suite>
<stat pass="1" fail="0" skip="0" id="s1" name="Fordemo">Fordemo</stat>
</suite>
</statistics>
<errors>
</errors>
</robot>
